# JRE version: OpenJDK Runtime Environment (21.0.10) (build 21.0.10+-14961533-b1163.108)
# Java VM: OpenJDK 64-Bit Server VM (21.0.10+-14961533-b1163.108, mixed mode, tiered, compressed oops, compressed class ptrs, g1 gc, windows-amd64)
GC Precious Log:
 CardTable entry size: 512
 Card Set container configuration: InlinePtr #cards 4 size 8 Array Of Cards #cards 16 size 48 Howl #buckets 8 coarsen threshold 3686 Howl Bitmap #cards 512 size 80 coarsen threshold 460 Card regions per heap region 1 cards per card region 4096
 CPUs: 4 total, 4 available
 Memory: 10158M
 Large Page Support: Disabled
 NUMA Support: Disabled
 Compressed Oops: Enabled (Zero based)
 Heap Region Size: 2M
 Heap Min Capacity: 8M
 Heap Initial Capacity: 160M
 Heap Max Capacity: 4G
 Pre-touch: Disabled
 Parallel Workers: 4
 Concurrent Workers: 1
 Concurrent Refinement Workers: 4
 Periodic GC: Disabled
Heap:
 garbage-first heap   total 75776K, used 49405K [0x0000000700000000, 0x0000000800000000)
  region size 2048K, 20 young (40960K), 5 survivors (10240K)
 Metaspace       used 26143K, committed 26560K, reserved 1114112K
  class space    used 3228K, committed 3392K, reserved 1048576K
GC Heap History (8 events):
Event: 7.430 GC heap before
{Heap before GC invocations=0 (full 0):
 garbage-first heap   total 163840K, used 12288K [0x0000000700000000, 0x0000000800000000)
  region size 2048K, 6 young (12288K), 0 survivors (0K)
 Metaspace       used 7809K, committed 7936K, reserved 1114112K
  class space    used 736K, committed 768K, reserved 1048576K
}
Event: 7.486 GC heap after
{Heap after GC invocations=1 (full 0):
 garbage-first heap   total 163840K, used 972K [0x0000000700000000, 0x0000000800000000)
  region size 2048K, 1 young (2048K), 1 survivors (2048K)
 Metaspace       used 7809K, committed 7936K, reserved 1114112K
  class space    used 736K, committed 768K, reserved 1048576K
}
Event: 13.095 GC heap before
{Heap before GC invocations=1 (full 0):
 garbage-first heap   total 163840K, used 19404K [0x0000000700000000, 0x0000000800000000)
  region size 2048K, 11 young (22528K), 1 survivors (2048K)
 Metaspace       used 7949K, committed 8064K, reserved 1114112K
  class space    used 736K, committed 768K, reserved 1048576K
}
Event: 13.100 GC heap after
{Heap after GC invocations=2 (full 0):
 garbage-first heap   total 163840K, used 1619K [0x0000000700000000, 0x0000000800000000)
  region size 2048K, 1 young (2048K), 1 survivors (2048K)
 Metaspace       used 7949K, committed 8064K, reserved 1114112K
  class space    used 736K, committed 768K, reserved 1048576K
}
Event: 42.125 GC heap before
{Heap before GC invocations=2 (full 0):
 garbage-first heap   total 163840K, used 99923K [0x0000000700000000, 0x0000000800000000)
  region size 2048K, 48 young (98304K), 1 survivors (2048K)
 Metaspace       used 12833K, committed 12992K, reserved 1114112K
  class space    used 1403K, committed 1472K, reserved 1048576K
}
Event: 42.141 GC heap after
{Heap after GC invocations=3 (full 0):
 garbage-first heap   total 163840K, used 12246K [0x0000000700000000, 0x0000000800000000)
  region size 2048K, 4 young (8192K), 4 survivors (8192K)
 Metaspace       used 12833K, committed 12992K, reserved 1114112K
  class space    used 1403K, committed 1472K, reserved 1048576K
}
Event: 77.135 GC heap before
{Heap before GC invocations=3 (full 0):
 garbage-first heap   total 163840K, used 90070K [0x0000000700000000, 0x0000000800000000)
  region size 2048K, 44 young (90112K), 4 survivors (8192K)
 Metaspace       used 21240K, committed 21504K, reserved 1114112K
  class space    used 2483K, committed 2624K, reserved 1048576K
}
Event: 77.162 GC heap after
{Heap after GC invocations=4 (full 0):
 garbage-first heap   total 163840K, used 20733K [0x0000000700000000, 0x0000000800000000)
  region size 2048K, 5 young (10240K), 5 survivors (10240K)
 Metaspace       used 21240K, committed 21504K, reserved 1114112K
  class space    used 2483K, committed 2624K, reserved 1048576K
}

